code/build/outputs/logs/manifest-merger-debug-report.txt
-- Merging decision tree log ---
manifest
ADDED from src/main/AndroidManifest.xml:9:1-18:12
INJECTED from src/main/AndroidManifest.xml:9:1-18:12
INJECTED from src/main/AndroidManifest.xml:9:1-18:12
INJECTED from src/main/AndroidManifest.xml:9:1-18:12
INJECTED from src/main/AndroidManifest.xml:9:1-18:12
INJECTED from src/main/AndroidManifest.xml:9:1-18:12
INJECTED from src/main/AndroidManifest.xml:9:1-18:12
	package
		ADDED from src/main/AndroidManifest.xml:10:5-52
		INJECTED from src/main/AndroidManifest.xml
		INJECTED from src/main/AndroidManifest.xml
	android:versionName
		ADDED from src/main/AndroidManifest.xml:12:5-30
		INJECTED from src/main/AndroidManifest.xml
		INJECTED from src/main/AndroidManifest.xml
	xmlns:android
		ADDED from src/main/AndroidManifest.xml:9:11-69
	android:versionCode
		ADDED from src/main/AndroidManifest.xml:11:5-29
		INJECTED from src/main/AndroidManifest.xml
		INJECTED from src/main/AndroidManifest.xml
uses-sdk
ADDED from src/main/AndroidManifest.xml:14:5-16:41
INJECTED from src/main/AndroidManifest.xml:14:5-16:41
INJECTED from src/main/AndroidManifest.xml:14:5-16:41
INJECTED from src/main/AndroidManifest.xml:14:5-16:41
INJECTED from src/main/AndroidManifest.xml:14:5-16:41
	android:targetSdkVersion
		ADDED from src/main/AndroidManifest.xml:16:9-38
		INJECTED from src/main/AndroidManifest.xml
		INJECTED from src/main/AndroidManifest.xml
	android:minSdkVersion
		ADDED from src/main/AndroidManifest.xml:15:9-34
		INJECTED from src/main/AndroidManifest.xml
		INJECTED from src/main/AndroidManifest.xml